0:100  0:100  MemLog inited, TSC freq: 2595808200
0:100  0:000  CPU was calibrated with RTC
0:100  0:000  
0:100  0:000  Now is 20.03.2020,  18:39:25 (GMT)
0:100  0:000  Starting Clover revision: 5102 (master, commit 12d559ae) on American Megatrends EFI
0:100  0:000  Build with: [Args: -D NO_GRUB_DRIVERS_EMBEDDED -t GCC53 | -D NO_GRUB_DRIVERS_EMBEDDED --conf=/Users/macman/Development/CloverBootloader/Conf -D USE_LOW_EBDA -a X64 -b RELEASE -t GCC53 -n 17 | OS: 10.14.6]
0:100  0:000  SelfDevicePath=PciRoot(0x0)\Pci(0x17,0x0)\Sata(0x0,0xFFFF,0x0)\HD(1,GPT,95751D4A-91B3-465D-88EF-F55A5B4B6266,0x28,0x64000) @719CC318
0:100  0:000  SelfDirPath = \EFI\Boot
0:103  0:002  SimpleTextEx Status=Success
0:103  0:000  === [ Get Smbios ] ========================================
0:103  0:000  Type 16 Index = 0
0:103  0:000  Total Memory Slots Count = 2
0:103  0:000  Type 17 Index = 0
0:103  0:000  SmbiosTable.Type17->Speed = 2667MHz
0:103  0:000  SmbiosTable.Type17->Size = 16384MB
0:103  0:000  SmbiosTable.Type17->Bank/Device =  DIMM A
0:103  0:000  SmbiosTable.Type17->Vendor = 859B0000802C
0:103  0:000  SmbiosTable.Type17->SerialNumber = E30A78D1
0:103  0:000  SmbiosTable.Type17->PartNumber = CT16G4SFD8266.C16FD1
0:103  0:000  Type 17 Index = 1
0:103  0:000  SmbiosTable.Type17->Speed = 2667MHz
0:103  0:000  SmbiosTable.Type17->Size = 8192MB
0:103  0:000  SmbiosTable.Type17->Bank/Device =  DIMM B
0:103  0:000  SmbiosTable.Type17->Vendor = 80AD000080AD
0:103  0:000  SmbiosTable.Type17->SerialNumber = 2E55AC64
0:103  0:000  SmbiosTable.Type17->PartNumber = HMA81GS6JJR8N-VK    
0:103  0:000  Boot status=0
0:103  0:000  Running on: 'G7 7790' with board '0CNDTP'
0:103  0:000  === [ GetCPUProperties ] ==================================
0:103  0:000  CPU Vendor = 756E6547 Model=906EA
0:103  0:000   The CPU supported SSE4.1
0:103  0:000  BrandString = Intel(R) Core(TM) i7-9750H CPU @ 2.60GHz
0:103  0:000   The CPU supported turbo
0:103  0:000  MSR 0x35               6000C
0:103  0:000   TSC/CCC Information Leaf:
0:103  0:000    numerator     : 216
0:103  0:000    denominator   : 2
0:103  0:000   Calibrated ARTFrequency: 24035261
0:103  0:000   Rounded ARTFrequency: 24000000
0:103  0:000  MSR 0xE2 before patch 1E008008
0:103  0:000  MSR 0xE2 is locked, PM patches will be turned on
0:103  0:000  MSR 0xCE              0008083B_F1011A00
0:103  0:000  corrected FLEX_RATIO = 0
0:103  0:000  MSR 0x1B0             00000000
0:103  0:000  FSBFrequency = 154 MHz, DMI FSBFrequency = 100 MHz, Corrected FSBFrequency = 100 MHz
0:103  0:000  MaxDiv/MinDiv: 26.0/8
0:103  0:000  Turbo: 42/43/44/45
0:103  0:000  Features: 0xBFEBFBFF
0:103  0:000  Threads: 12
0:103  0:000  Cores: 6
0:103  0:000  FSB: 100 MHz
0:103  0:000  CPU: 4000 MHz
0:103  0:000  TSC: 4000 MHz
0:103  0:000  PIS: 100 MHz
0:103  0:000  ExternalClock: 25 MHz
0:103  0:000  === [ GetDevices ] ========================================
0:103  0:000  GOP found at: PciRoot(0x0)/Pci(0x2,0x0)/AcpiAdr(0x80011400)
0:103  0:000  PCI (00|00:00.00) : 8086 3EC4 class=060000
0:103  0:000  PCI (00|00:01.00) : 8086 1901 class=060400
0:103  0:000  PCI (00|01:00.00) : 10DE 1F11 class=030000
0:103  0:000   - GFX: Model=Unknown family 166 (Turing)
0:103  0:000  PCI (00|01:00.01) : 10DE 10F9 class=040300
0:103  0:000   - HDMI Audio: 
0:103  0:000  PCI (00|01:00.02) : 10DE 1ADA class=0C0330
0:103  0:000  PCI (00|01:00.03) : 10DE 1ADB class=0C8000
0:103  0:000  PCI (00|00:02.00) : 8086 3E9B class=030000
0:103  0:000   - GOP: Provided by device
0:103  0:000   - GFX: Model=Intel UHD Graphics 630 (Intel)
0:103  0:000  PCI (00|00:04.00) : 8086 1903 class=118000
0:103  0:000  PCI (00|00:08.00) : 8086 1911 class=088000
0:103  0:000  PCI (00|00:12.00) : 8086 A379 class=118000
0:103  0:000  PCI (00|00:14.00) : 8086 A36D class=0C0330
0:103  0:000  PCI (00|00:14.02) : 8086 A36F class=050000
0:103  0:000  PCI (00|00:15.00) : 8086 A368 class=0C8000
0:103  0:000  PCI (00|00:15.01) : 8086 A369 class=0C8000
0:103  0:000  PCI (00|00:16.00) : 8086 A360 class=078000
0:103  0:000  PCI (00|00:17.00) : 8086 A353 class=010601
0:103  0:000  PCI (00|00:1B.00) : 8086 A32C class=060400
0:103  0:000  PCI (00|02:00.00) : 8086 15DA class=060400
0:103  0:000  PCI (00|03:00.00) : 8086 15DA class=060400
0:103  0:000  PCI (00|04:00.00) : 8086 15D9 class=088000
0:103  0:000  PCI (00|03:01.00) : 8086 15DA class=060400
0:103  0:000  PCI (00|03:02.00) : 8086 15DA class=060400
0:103  0:000  PCI (00|3A:00.00) : 8086 15DB class=0C0330
0:103  0:000  PCI (00|00:1D.00) : 8086 A335 class=060400
0:103  0:000  PCI (00|3B:00.00) : 10EC 2502 class=020000
0:103  0:000   - LAN: 0 Vendor=Realtek
0:103  0:000  PCI (00|00:1D.06) : 8086 A336 class=060400
0:104  0:000  PCI (00|3C:00.00) : 8086 2526 class=028000
0:104  0:000   - WIFI: Vendor=Intel
0:104  0:000  PCI (00|00:1F.00) : 8086 A30D class=060100
0:104  0:000  PCI (00|00:1F.03) : 8086 A348 class=040300
0:104  0:000  PCI (00|00:1F.04) : 8086 A323 class=0C0500
0:104  0:000  PCI (00|00:1F.05) : 8086 A324 class=0C8000
0:104  0:000  === [ GetDefaultSettings ] ================================
0:104  0:000  Clover load options size = 256 bytes
0:106  0:001  CheckOEMPathExists tried EFI\CLOVER\OEM\G7 7790--00-00-00-00-00-00. Dir not exists
0:106  0:000  CheckOEMPathExists tried EFI\CLOVER\OEM\0CNDTP\UEFI. Dir not exists
0:107  0:000  CheckOEMPathExists tried EFI\CLOVER\OEM\G7 7790. Dir not exists
0:107  0:000  CheckOEMPathExists tried EFI\CLOVER\OEM\G7 7790-4000. Dir not exists
0:108  0:000  CheckOEMPathExists tried EFI\CLOVER\OEM\0CNDTP. Dir not exists
0:109  0:000  CheckOEMPathExists tried EFI\CLOVER\OEM\0CNDTP-4000. Dir not exists
0:109  0:000  set OEMPath by default: EFI\CLOVER
0:110  0:001  EFI\CLOVER\.plist not loaded with name from LoadOptions: Invalid Parameter
0:111  0:000  CheckOEMPathExists tried EFI\CLOVER\OEM\G7 7790--00-00-00-00-00-00. Dir not exists
0:111  0:000  CheckOEMPathExists tried EFI\CLOVER\OEM\0CNDTP\UEFI. Dir not exists
0:112  0:000  CheckOEMPathExists tried EFI\CLOVER\OEM\G7 7790. Dir not exists
0:112  0:000  CheckOEMPathExists tried EFI\CLOVER\OEM\G7 7790-4000. Dir not exists
0:113  0:000  CheckOEMPathExists tried EFI\CLOVER\OEM\0CNDTP. Dir not exists
0:114  0:000  CheckOEMPathExists tried EFI\CLOVER\OEM\0CNDTP-4000. Dir not exists
0:114  0:000  set OEMPath by default: EFI\CLOVER
0:118  0:004  EFI\CLOVER\config.plist loaded: Success
0:118  0:000  === [ GetListOfThemes ] ===================================
0:118  0:000  - [00]: embedded
0:120  0:001  - [00]: random
0:122  0:001  - [00]: tonymacx86
0:126  0:003  === [ Found config plists ] ===============================
0:127  0:001  - config.plist
0:127  0:000  === [ GetEarlyUserSettings ] ==============================
0:127  0:000  timeout set to 3
0:127  0:000  Custom boot CUSTOM_BOOT_DISABLED (0x0)
0:149  0:021  Default theme: tonymacx86
0:158  0:009  Hiding entries with string Windows
0:167  0:009  Hiding entries with string BOOTX64.EFI
0:176  0:009  === [ LoadDrivers ] =======================================
0:561  0:385  Loading ApfsDriverLoader.efi  status=Success
0:599  0:037   - driver needs connecting
0:608  0:009  Loading AptioMemoryFix.efi  status=Success
0:640  0:031  Loading AudioDxe.efi  status=Success
0:673  0:033   - driver needs connecting
0:683  0:009  Loading DataHubDxe.efi  status=Success
0:723  0:040  Loading FSInject.efi  status=Success
0:755  0:032  Loading SMCHelper.efi  status=Success
0:786  0:030  Loading VBoxHfs.efi  status=Success
0:819  0:032   - driver needs connecting
0:829  0:010  3 drivers needs connecting ...
0:841  0:011  PlatformDriverOverrideProtocol not found. Installing ... Success
0:860  0:018  APFS driver loaded
0:869  0:009  Searching for invalid DiskIo BY_DRIVER connects: not found, all ok
6:178  5:308  === [ InitScreen ] ========================================
6:569  0:391  Console modes reported: 4, available modes:
6:578  0:009   - [01]: 80x25
6:588  0:009   - [02]: 80x50
6:597  0:008   - [03]: 100x31
6:606  0:009   - [04]: 240x56 (current mode)
6:615  0:009  SetScreenResolution: 1920x1080 - already set
6:637  0:021  reinit: self device path=PciRoot(0x0)\Pci(0x17,0x0)\Sata(0x0,0xFFFF,0x0)\HD(1,GPT,95751D4A-91B3-465D-88EF-F55A5B4B6266,0x28,0x64000)
6:649  0:012  Using embedded font: Success
6:659  0:010  === [ GetMacAddress ] =====================================
7:020  0:360  MAC address of LAN #0= 8C:04:BA:99:FB:09:
7:094  0:073  === [ ScanSPD ] ===========================================
7:518  0:423  Scanning SMBus [8086:A323], mmio: 0xED420004, ioport: 0xEFA0, hostc: 0x11
7:551  0:033  Slot: 0 Type 26 16384MB 2666MHz Vendor=Crucial Technology PartNo=CT16G4SFD8266.C16FD1 SerialNo=0E03000A07080D01
7:581  0:029  Slot: 1 Type 26 8192MB 2666MHz Vendor=SK Hynix PartNo=HMA81GS6JJR8N-VK SerialNo=020E05050A0C0604
7:591  0:010  === [ GetAcpiTablesList ] =================================
7:917  0:326  Get Acpi Tables List from RSDT:
7:936  0:019   - [00]: FACP  CBX3    len=132
7:945  0:009   - [01]: APIC  CBX3    len=244
7:955  0:009   - [02]: FPDT  CBX3    len=68
7:964  0:009   - [03]: FIDT  CBX3    len=156
7:976  0:011   - [04]: MCFG  CBX3    len=60
7:985  0:009   - [05]: SSDT  CpuSsdt len=7007
7:994  0:009   - [06]: BOOT  CBX3     len=40
8:004  0:009   - [07]: SSDT  SaSsdt  len=5731
8:013  0:009   - [08]: SSDT  PegSsdt len=9799
8:023  0:009   - [09]: HPET  CBX3    len=56
8:032  0:009   - [10]: SSDT  CflH_Tbt len=10407
8:041  0:009   - [11]: SSDT  xh_cfht4 len=13494
8:050  0:009   - [12]: UEFI  CBX3    len=66
8:060  0:009   - [13]: LPIT  CBX3    len=148
8:069  0:009   - [14]: WSMT  CBX3    len=40
8:082  0:013   - [15]: SSDT  PtidDevc len=10206
8:091  0:009   - [16]: SSDT  TbtTypeC len=4168
8:100  0:009   - [17]: DBGP  CBX3    len=52
8:110  0:009   - [18]: DBG2  CBX3    len=84
8:119  0:009   - [19]: SSDT  UsbCTabl len=1992
8:128  0:009   - [20]: SSDT  DptfTabl len=34315
8:138  0:009   - [21]: MSDM  CBX3    len=85
8:148  0:009   - [22]: SLIC  CBX3    len=374
8:157  0:008   - [23]: SSDT  ADebTabl len=324
8:166  0:009   - [24]: SSDT  SgPeg len=174
8:175  0:008   - [25]: BGRT  CBX3    len=56
8:186  0:011   - [26]: SSDT  OptTabl len=9993
8:196  0:009  Calibrated TSC Frequency = 2595808200 = 2595MHz
8:205  0:009  === [ GetUserSettings ] ===================================
8:548  0:342  USB FixOwnership: yes
8:558  0:009  Dropping 1 tables:
8:567  0:009   - [00]: Drop table  signature="MATS" (5354414D)
8:642  0:074           - set table: 5354414D,                0 to drop: no
8:660  0:018   - final DSDT Fix mask=00000000
8:670  0:009  Using ProductName from clover: MacBookPro14,3
8:683  0:012  BiosVersion: not set, Using BiosVersion from clover
8:692  0:009  BiosVersion: MBP143.88Z.F000.B00.1910301943
8:701  0:009  BiosReleaseDate: 10/30/2019
8:710  0:009  Using EfiVersion from clover: 203.0.0.0.0
8:720  0:009  Using FirmwareFeatures from clover: 0xFC0FE17E
8:729  0:009  Using FirmwareFeaturesMask from clover: 0xFF1FFF7F
8:738  0:009  Using PlatformFeature from clover: 0x1A
8:750  0:011  === [ Found DSDT tables ] =================================
9:087  0:336  === [ ScanVolumes ] =======================================
9:469  0:382  Found 4 volumes with blockIO
9:478  0:008  - [00]: Volume: PciRoot(0x0)\Pci(0x17,0x0)\Sata(0x0,0xFFFF,0x0)
9:497  0:018  - [01]: Volume: PciRoot(0x0)\Pci(0x17,0x0)\Sata(0x0,0xFFFF,0x0)\HD(1,GPT,95751D4A-91B3-465D-88EF-F55A5B4B6266,0x28,0x64000)
9:516  0:019          Result of bootcode detection: bootable unknown (legacy)
9:526  0:009          This is SelfVolume !!
9:535  0:009  - [02]: Volume: PciRoot(0x0)\Pci(0x17,0x0)\Sata(0x0,0xFFFF,0x0)\HD(2,GPT,3F810624-97FC-43DF-9984-0E722FD9D150,0x64028,0xE8C6E940)
9:558  0:022  - [03]: Volume: PciRoot(0x0)\Pci(0x17,0x0)\Sata(0x0,0xFFFF,0x0)\HD(3,GPT,48799CF8-CD2A-4CEC-A683-D94D6469EE8B,0xE8CD2968,0x135F20)
9:577  0:018  found 3 handles with audio
9:586  0:009  No AudioIoDevice stored
9:596  0:009  no stored audio parameters
9:605  0:009  Found Audio Device Nvidia (Unknown) (HDMI) at index 0
9:614  0:009  Found Audio Device Nvidia (Unknown) (HDMI) at index 1
9:624  0:009  Found Audio Device Realtek ALC236 (Speaker) at index 2
9:639  0:015  Found Audio Device Realtek ALC236 (Headphones) at index 3
9:649  0:009  Found Audio Device Intel Kaby Lake HDMI (HDMI) at index 4
9:658  0:008  === [ InitTheme ] =========================================
10:058  0:400  use daylight theme
10:070  0:012  Using theme 'tonymacx86' (EFI\CLOVER\themes\tonymacx86)
10:080  0:009  file sound read: sound.wav Not Found
10:089  0:009  Loading font from ThemeDir: Error
10:100  0:010  theme inited
10:113  0:012  Chosen theme tonymacx86
10:122  0:009  found boot-args in NVRAM:, size=1
10:131  0:009  after NVRAM boot-args=dart=0
10:140  0:009  Scanning legacy ...
10:150  0:009  === [ Dump SMC keys from NVRAM ] ==========================
10:410  0:260  found AppleSMC protocol
10:472  0:062  Registered 16 SMC keys
10:486  0:013  === [ ScanLoader ] ========================================
10:879  0:393  - [01]: 'EFI'
11:002  0:123          AddLoaderEntry for Volume Name=EFI
11:012  0:009          skipped because entry is hidden
11:024  0:011  - [02]: 'MacBook'
11:056  0:031          AddLoaderEntry for Volume Name=MacBook
11:068  0:012      Check if volume Is Hibernated:
11:077  0:009      Check sleep image 'by signature':
11:103  0:025      using default sleep image name = \private\var\vm\sleepimage
11:118  0:014      no valid sleep image offset was found
11:127  0:009       sleepimage offset could not be acquired
11:136  0:009      hibernated: no - sign
11:222  0:085  - [03]: 'Recovery HD'
11:246  0:024          AddLoaderEntry for Volume Name=Recovery HD
11:331  0:085  === [ AddCustomTool ] =====================================
11:698  0:366  found tool \EFI\CLOVER\tools\Shell64U.efi
11:707  0:009  Checking EFI partition Volume 1 for Clover
11:719  0:011   Found Clover
11:737  0:017  === [ GetEfiBootDeviceFromNvram ] =========================
11:987  0:249   - efi-boot-device-data: PciRoot(0x0)\Pci(0x17,0x0)\Sata(0x0,0xFFFF,0x0)\HD(2,GPT,3F810624-97FC-43DF-9984-0E722FD9D150,0x64028,0xE8C6E940)
11:999  0:012    - Volume: 'PciRoot(0x0)\Pci(0x17,0x0)\Sata(0x0,0xFFFF,0x0)\HD(2,GPT,3F810624-97FC-43DF-9984-0E722FD9D150,0x64028,0xE8C6E940)'
12:009  0:009    - LoaderPath: '<null string>'
12:018  0:009    - Guid = 3F810624-97FC-43DF-9984-0E722FD9D150
12:028  0:009  === [ FindStartupDiskVolume ] =============================
12:315  0:287    - Volume: partition = PciRoot(0x0)\Pci(0x17,0x0)\Sata(0x0,0xFFFF,0x0)\HD(2,GPT,3F810624-97FC-43DF-9984-0E722FD9D150,0x64028,0xE8C6E940)
12:324  0:009     - searching for that partition
12:337  0:012      - found entry 0. 'Boot macOS from MacBook', Volume 'MacBook'
12:346  0:009  Boot redirected to Entry 0. 'Boot macOS from MacBook'
12:355  0:008  DefaultIndex=0 and MainMenu.EntryCount=8
12:438  0:083  GUI ready
17:538  5:100  exit from MainMenu 1
17:550  0:011  Boot option Boot0000 not found
17:559  0:009  === [ StartLoader ] =======================================
17:953  0:393  Finally: ExternalClock=25MHz BusSpeed=99839kHz CPUFreq=2596MHz PIS: hw.busfrequency=100000000Hz
17:975  0:022  Loading boot.efi  status=Success
18:089  0:114  GetOSVersion: 10.14.5 (18F132)
18:107  0:018  CSR_CFG: CSR_ALLOW_UNTRUSTED_KEXTS | CSR_ALLOW_UNRESTRICTED_FS
18:116  0:009  Will not patch boot.efi
18:125  0:009  === [ PatchSmbios ] =======================================
18:507  0:381  insert table 9 for dev 0:0
18:517  0:009  insert table 9 for dev 0:1
18:526  0:009  insert table 9 for dev 0:0
18:536  0:009  insert table 9 for dev 0:0
18:545  0:009  Table 11 present, but rewritten for us
18:558  0:012  Channels: 1
18:567  0:009  Interleave: 0 1 2 3 4 5 6 7 8 9 10 11 12 13 14 15 16 17 18 19 20 21 22 23
18:811  0:243  SMBIOS Type 17 Index = 0 => 0 0:
18:820  0:009  BANK 0 DIMM0 2667MHz 16384MB(Ext:0MB)
18:829  0:009  SMBIOS Type 17 Index = 1 => 1 1:
18:839  0:009  BANK 0 DIMM1 2667MHz 8192MB(Ext:0MB)
18:848  0:009  mTotalSystemMemory = 24576
18:857  0:009  NumberOfMemoryDevices = 2
18:866  0:009  Type20[0]->End = 0xFFFFFF, Type17[0] = 0x4000
18:879  0:012  Type20[1]->End = 0x17FFFFF, Type17[1] = 0xA000
18:888  0:009  Table 131 is present, CPUType=31
18:898  0:009  Change to: 1005
18:907  0:009  === [ PatchACPI ] =========================================
19:306  0:399  Xsdt reallocation done
19:315  0:009  old FADT length=114
19:325  0:009   SignatureFixup: 0x83CCFB36 -> 0x0
19:335  0:010  Apply DsdtFixMask=0x00000000
19:345  0:009     drop _DSM mask=0xFFFF
19:354  0:009  === [ FixBiosDsdt ] =======================================
19:735  0:381    0 replacements
19:749  0:013  PreCleanup XSDT: count=27, length=252
19:759  0:009  PreCleanup XSDT, corrected XSDT: count=27, length=252
19:768  0:009  === [ ACPIDropTables ] ====================================
20:123  0:355    0 replacements
20:132  0:009  Found OperationRegion(PNVS, SystemMemory, 666B7000, ...)
20:142  0:009    0 replacements
20:151  0:009  Found OperationRegion(SANV, SystemMemory, 782A1C98, ...)
20:161  0:009    0 replacements
20:170  0:009    0 replacements
20:179  0:009    0 replacements
20:192  0:012    0 replacements
20:201  0:009    0 replacements
20:211  0:009    0 replacements
20:220  0:009    0 replacements
20:229  0:009    0 replacements
20:238  0:009  Found OperationRegion(ADHD, SystemMemory, 77415000, ...)
20:248  0:009  Found OperationRegion(ABLK, SystemMemory, 77415020, ...)
20:257  0:009    0 replacements
20:266  0:009    0 replacements
20:276  0:009  ApicCPUNum=1
20:285  0:009  Cleanup XSDT: count=27, length=252
20:294  0:009  corrected XSDT count=27, length=252
20:306  0:011  === [ RestSetup macOS ] ===================================
20:651  0:344  NVidia GFX injection not set
20:660  0:009  Intel UHD Graphics 630 [8086:3E9B] :: PciRoot(0x0)\Pci(0x2,0x0)
20:669  0:009  Intel GFX revision  = 0x0
20:679  0:010   RCBA disabled; cannot use it
20:689  0:009   setting specified layout-id=1 (0x1)
20:698  0:009  stringlength = 2654
20:708  0:009  CurrentMode: Width=1920 Height=1080
20:716  0:008  Beginning FSInjection
20:786  0:069  Use origin smbios table type 1 guid.
20:920  0:133  Preparing kexts injection for arch=x86_64 from EFI\CLOVER\kexts\Other
20:931  0:011  Preparing kexts injection for arch=x86_64 from EFI\CLOVER\kexts\Off
20:940  0:009  Preparing kexts injection for arch=x86_64 from EFI\CLOVER\kexts\10
20:949  0:009  Preparing kexts injection for arch=x86_64 from EFI\CLOVER\kexts\10_normal
20:958  0:009  Preparing kexts injection for arch=x86_64 from EFI\CLOVER\kexts\10.14
20:968  0:009  Preparing kexts injection for arch=x86_64 from EFI\CLOVER\kexts\10.14_normal
20:980  0:012  Preparing kexts injection for arch=x86_64 from EFI\CLOVER\kexts\10.14.5
20:990  0:009  Preparing kexts injection for arch=x86_64 from EFI\CLOVER\kexts\10.14.5_normal
20:999  0:009  SetStartupDiskVolume:
21:008  0:009    * Volume: 'MacBook'
21:018  0:009    * LoaderPath: '<null string>'
21:027  0:009    * DevPath: MacBook
21:036  0:009    * GUID = 3F810624-97FC-43DF-9984-0E722FD9D150
21:045  0:009    * efi-boot-device: <array><dict><key>IOMatch</key><dict><key>IOProviderClass</key><string>IOMedia</string><key>IOPropertyMatch</key><dict><key>UUID</key><string>3F810624-97FC-43DF-9984-0E722FD9D150</string></dict></dict></dict></array>
21:058  0:012  SetScreenResolution: 1920x1080 - already set
21:076  0:018  Custom boot is disabled
21:087  0:011  Closing log
0:100  0:100  MemLog inited, TSC freq: 2592358340
0:100  0:000  CPU was calibrated with RTC
0:100  0:000  
0:100  0:000  Now is 20.03.2020,  18:45:20 (GMT)
0:100  0:000  Starting Clover revision: 5102 (master, commit 12d559ae) on American Megatrends EFI
0:100  0:000  Build with: [Args: -D NO_GRUB_DRIVERS_EMBEDDED -t GCC53 | -D NO_GRUB_DRIVERS_EMBEDDED --conf=/Users/macman/Development/CloverBootloader/Conf -D USE_LOW_EBDA -a X64 -b RELEASE -t GCC53 -n 17 | OS: 10.14.6]
0:100  0:000  SelfDevicePath=PciRoot(0x0)\Pci(0x17,0x0)\Sata(0x0,0xFFFF,0x0)\HD(1,GPT,95751D4A-91B3-465D-88EF-F55A5B4B6266,0x28,0x64000) @719CC318
0:100  0:000  SelfDirPath = \EFI\Boot
0:102  0:002  SimpleTextEx Status=Success
0:102  0:000  === [ Get Smbios ] ========================================
0:102  0:000  Type 16 Index = 0
0:102  0:000  Total Memory Slots Count = 2
0:102  0:000  Type 17 Index = 0
0:102  0:000  SmbiosTable.Type17->Speed = 2667MHz
0:102  0:000  SmbiosTable.Type17->Size = 16384MB
0:102  0:000  SmbiosTable.Type17->Bank/Device =  DIMM A
0:102  0:000  SmbiosTable.Type17->Vendor = 859B0000802C
0:102  0:000  SmbiosTable.Type17->SerialNumber = E30A78D1
0:102  0:000  SmbiosTable.Type17->PartNumber = CT16G4SFD8266.C16FD1
0:102  0:000  Type 17 Index = 1
0:102  0:000  SmbiosTable.Type17->Speed = 2667MHz
0:102  0:000  SmbiosTable.Type17->Size = 8192MB
0:102  0:000  SmbiosTable.Type17->Bank/Device =  DIMM B
0:102  0:000  SmbiosTable.Type17->Vendor = 80AD000080AD
0:102  0:000  SmbiosTable.Type17->SerialNumber = 2E55AC64
0:102  0:000  SmbiosTable.Type17->PartNumber = HMA81GS6JJR8N-VK    
0:102  0:000  Boot status=0
0:102  0:000  Running on: 'G7 7790' with board '0CNDTP'
0:102  0:000  === [ GetCPUProperties ] ==================================
0:102  0:000  CPU Vendor = 756E6547 Model=906EA
0:102  0:000   The CPU supported SSE4.1
0:102  0:000  BrandString = Intel(R) Core(TM) i7-9750H CPU @ 2.60GHz
0:102  0:000   The CPU supported turbo
0:102  0:000  MSR 0x35               6000C
0:102  0:000   TSC/CCC Information Leaf:
0:102  0:000    numerator     : 216
0:102  0:000    denominator   : 2
0:102  0:000   Calibrated ARTFrequency: 24003317
0:102  0:000   Rounded ARTFrequency: 24000000
0:102  0:000  MSR 0xE2 before patch 1E008008
0:102  0:000  MSR 0xE2 is locked, PM patches will be turned on
0:102  0:000  MSR 0xCE              0008083B_F1011A00
0:102  0:000  corrected FLEX_RATIO = 0
0:102  0:000  MSR 0x1B0             00000000
0:102  0:000  FSBFrequency = 154 MHz, DMI FSBFrequency = 100 MHz, Corrected FSBFrequency = 100 MHz
0:102  0:000  MaxDiv/MinDiv: 26.0/8
0:102  0:000  Turbo: 42/43/44/45
0:102  0:000  Features: 0xBFEBFBFF
0:102  0:000  Threads: 12
0:102  0:000  Cores: 6
0:102  0:000  FSB: 100 MHz
0:102  0:000  CPU: 4000 MHz
0:102  0:000  TSC: 4000 MHz
0:102  0:000  PIS: 100 MHz
0:102  0:000  ExternalClock: 25 MHz
0:102  0:000  === [ GetDevices ] ========================================
0:102  0:000  GOP found at: PciRoot(0x0)/Pci(0x2,0x0)/AcpiAdr(0x80011400)
0:102  0:000  PCI (00|00:00.00) : 8086 3EC4 class=060000
0:102  0:000  PCI (00|00:01.00) : 8086 1901 class=060400
0:102  0:000  PCI (00|01:00.00) : 10DE 1F11 class=030000
0:102  0:000   - GFX: Model=Unknown family 166 (Turing)
0:102  0:000  PCI (00|01:00.01) : 10DE 10F9 class=040300
0:102  0:000   - HDMI Audio: 
0:102  0:000  PCI (00|01:00.02) : 10DE 1ADA class=0C0330
0:102  0:000  PCI (00|01:00.03) : 10DE 1ADB class=0C8000
0:102  0:000  PCI (00|00:02.00) : 8086 3E9B class=030000
0:102  0:000   - GOP: Provided by device
0:102  0:000   - GFX: Model=Intel UHD Graphics 630 (Intel)
0:102  0:000  PCI (00|00:04.00) : 8086 1903 class=118000
0:102  0:000  PCI (00|00:08.00) : 8086 1911 class=088000
0:102  0:000  PCI (00|00:12.00) : 8086 A379 class=118000
0:102  0:000  PCI (00|00:14.00) : 8086 A36D class=0C0330
0:102  0:000  PCI (00|00:14.02) : 8086 A36F class=050000
0:102  0:000  PCI (00|00:15.00) : 8086 A368 class=0C8000
0:102  0:000  PCI (00|00:15.01) : 8086 A369 class=0C8000
0:102  0:000  PCI (00|00:16.00) : 8086 A360 class=078000
0:102  0:000  PCI (00|00:17.00) : 8086 A353 class=010601
0:102  0:000  PCI (00|00:1B.00) : 8086 A32C class=060400
0:102  0:000  PCI (00|02:00.00) : 8086 15DA class=060400
0:103  0:000  PCI (00|03:00.00) : 8086 15DA class=060400
0:103  0:000  PCI (00|04:00.00) : 8086 15D9 class=088000
0:103  0:000  PCI (00|03:01.00) : 8086 15DA class=060400
0:103  0:000  PCI (00|03:02.00) : 8086 15DA class=060400
0:103  0:000  PCI (00|3A:00.00) : 8086 15DB class=0C0330
0:103  0:000  PCI (00|00:1D.00) : 8086 A335 class=060400
0:103  0:000  PCI (00|3B:00.00) : 10EC 2502 class=020000
0:103  0:000   - LAN: 0 Vendor=Realtek
0:103  0:000  PCI (00|00:1D.06) : 8086 A336 class=060400
0:103  0:000  PCI (00|3C:00.00) : 8086 2526 class=028000
0:103  0:000   - WIFI: Vendor=Intel
0:103  0:000  PCI (00|00:1F.00) : 8086 A30D class=060100
0:103  0:000  PCI (00|00:1F.03) : 8086 A348 class=040300
0:103  0:000  PCI (00|00:1F.04) : 8086 A323 class=0C0500
0:103  0:000  PCI (00|00:1F.05) : 8086 A324 class=0C8000
0:103  0:000  === [ GetDefaultSettings ] ================================
0:103  0:000  Clover load options size = 256 bytes
0:104  0:001  CheckOEMPathExists tried EFI\CLOVER\OEM\G7 7790--00-00-00-00-00-00. Dir not exists
0:105  0:000  CheckOEMPathExists tried EFI\CLOVER\OEM\0CNDTP\UEFI. Dir not exists
0:106  0:000  CheckOEMPathExists tried EFI\CLOVER\OEM\G7 7790. Dir not exists
0:106  0:000  CheckOEMPathExists tried EFI\CLOVER\OEM\G7 7790-4000. Dir not exists
0:107  0:000  CheckOEMPathExists tried EFI\CLOVER\OEM\0CNDTP. Dir not exists
0:107  0:000  CheckOEMPathExists tried EFI\CLOVER\OEM\0CNDTP-4000. Dir not exists
0:107  0:000  set OEMPath by default: EFI\CLOVER
0:109  0:001  EFI\CLOVER\.plist not loaded with name from LoadOptions: Invalid Parameter
0:109  0:000  CheckOEMPathExists tried EFI\CLOVER\OEM\G7 7790--00-00-00-00-00-00. Dir not exists
0:110  0:000  CheckOEMPathExists tried EFI\CLOVER\OEM\0CNDTP\UEFI. Dir not exists
0:111  0:000  CheckOEMPathExists tried EFI\CLOVER\OEM\G7 7790. Dir not exists
0:111  0:000  CheckOEMPathExists tried EFI\CLOVER\OEM\G7 7790-4000. Dir not exists
0:112  0:000  CheckOEMPathExists tried EFI\CLOVER\OEM\0CNDTP. Dir not exists
0:113  0:000  CheckOEMPathExists tried EFI\CLOVER\OEM\0CNDTP-4000. Dir not exists
0:113  0:000  set OEMPath by default: EFI\CLOVER
0:116  0:003  EFI\CLOVER\config.plist loaded: Success
0:116  0:000  === [ GetListOfThemes ] ===================================
0:116  0:000  - [00]: embedded
0:118  0:001  - [00]: random
0:120  0:001  - [00]: tonymacx86
0:124  0:003  === [ Found config plists ] ===============================
0:125  0:001  - config.plist
0:126  0:000  === [ GetEarlyUserSettings ] ==============================
0:126  0:000  timeout set to 3
0:126  0:000  Custom boot CUSTOM_BOOT_DISABLED (0x0)
0:152  0:025  Default theme: tonymacx86
0:161  0:009  Hiding entries with string Windows
0:171  0:009  Hiding entries with string BOOTX64.EFI
0:180  0:009  === [ LoadDrivers ] =======================================
0:565  0:385  Loading ApfsDriverLoader.efi  status=Success
0:600  0:034   - driver needs connecting
0:608  0:008  Loading AptioMemoryFix.efi  status=Success
0:641  0:032  Loading AudioDxe.efi  status=Success
0:673  0:032   - driver needs connecting
0:686  0:012  Loading DataHubDxe.efi  status=Success
0:727  0:040  Loading FSInject.efi  status=Success
0:757  0:030  Loading SMCHelper.efi  status=Success
0:788  0:031  Loading VBoxHfs.efi  status=Success
0:820  0:031   - driver needs connecting
0:830  0:009  3 drivers needs connecting ...
0:839  0:009  PlatformDriverOverrideProtocol not found. Installing ... Success
0:857  0:018  APFS driver loaded
0:867  0:009  Searching for invalid DiskIo BY_DRIVER connects: not found, all ok
6:189  5:322  === [ InitScreen ] ========================================
6:579  0:390  Console modes reported: 4, available modes:
6:588  0:008   - [01]: 80x25
6:598  0:009   - [02]: 80x50
6:607  0:009   - [03]: 100x31
6:616  0:009   - [04]: 240x56 (current mode)
6:625  0:009  SetScreenResolution: 1920x1080 - already set
6:644  0:018  reinit: self device path=PciRoot(0x0)\Pci(0x17,0x0)\Sata(0x0,0xFFFF,0x0)\HD(1,GPT,95751D4A-91B3-465D-88EF-F55A5B4B6266,0x28,0x64000)
6:656  0:011  Using embedded font: Success
6:670  0:013  === [ GetMacAddress ] =====================================
7:030  0:360  MAC address of LAN #0= 8C:04:BA:99:FB:09:
7:105  0:075  === [ ScanSPD ] ===========================================
7:525  0:419  Scanning SMBus [8086:A323], mmio: 0xED420004, ioport: 0xEFA0, hostc: 0x11
7:555  0:030  Slot: 0 Type 26 16384MB 2666MHz Vendor=Crucial Technology PartNo=CT16G4SFD8266.C16FD1 SerialNo=0E03000A07080D01
7:585  0:029  Slot: 1 Type 26 8192MB 2666MHz Vendor=SK Hynix PartNo=HMA81GS6JJR8N-VK SerialNo=020E05050A0C0604
7:599  0:013  === [ GetAcpiTablesList ] =================================
7:929  0:330  Get Acpi Tables List from RSDT:
7:952  0:022   - [00]: FACP  CBX3    len=132
7:961  0:009   - [01]: APIC  CBX3    len=244
7:970  0:009   - [02]: FPDT  CBX3    len=68
7:979  0:008   - [03]: FIDT  CBX3    len=156
7:989  0:009   - [04]: MCFG  CBX3    len=60
7:998  0:009   - [05]: SSDT  CpuSsdt len=7007
8:008  0:009   - [06]: BOOT  CBX3     len=40
8:017  0:009   - [07]: SSDT  SaSsdt  len=5731
8:029  0:012   - [08]: SSDT  PegSsdt len=9799
8:039  0:009   - [09]: HPET  CBX3    len=56
8:050  0:010   - [10]: SSDT  CflH_Tbt len=10407
8:059  0:009   - [11]: SSDT  xh_cfht4 len=13494
8:068  0:009   - [12]: UEFI  CBX3    len=66
8:078  0:009   - [13]: LPIT  CBX3    len=148
8:087  0:009   - [14]: WSMT  CBX3    len=40
8:096  0:009   - [15]: SSDT  PtidDevc len=10206
8:105  0:009   - [16]: SSDT  TbtTypeC len=4168
8:115  0:009   - [17]: DBGP  CBX3    len=52
8:124  0:009   - [18]: DBG2  CBX3    len=84
8:137  0:013   - [19]: SSDT  UsbCTabl len=1992
8:146  0:009   - [20]: SSDT  DptfTabl len=34315
8:155  0:009   - [21]: MSDM  CBX3    len=85
8:165  0:009   - [22]: SLIC  CBX3    len=374
8:174  0:009   - [23]: SSDT  ADebTabl len=324
8:183  0:009   - [24]: SSDT  SgPeg len=174
8:192  0:009   - [25]: BGRT  CBX3    len=56
8:202  0:009   - [26]: SSDT  OptTabl len=9993
8:211  0:009  Calibrated TSC Frequency = 2592358340 = 2592MHz
8:220  0:009  === [ GetUserSettings ] ===================================
8:569  0:348  USB FixOwnership: yes
8:578  0:009  Dropping 1 tables:
8:587  0:009   - [00]: Drop table  signature="MATS" (5354414D)
8:661  0:074           - set table: 5354414D,                0 to drop: no
8:679  0:018   - final DSDT Fix mask=00000000
8:689  0:009  Using ProductName from clover: MacBookPro14,3
8:698  0:009  BiosVersion: not set, Using BiosVersion from clover
8:707  0:009  BiosVersion: MBP143.88Z.F000.B00.1910301943
8:717  0:009  BiosReleaseDate: 10/30/2019
8:730  0:012  Using EfiVersion from clover: 203.0.0.0.0
8:739  0:008  Using FirmwareFeatures from clover: 0xFC0FE17E
8:748  0:009  Using FirmwareFeaturesMask from clover: 0xFF1FFF7F
8:757  0:009  Using PlatformFeature from clover: 0x1A
8:769  0:011  === [ Found DSDT tables ] =================================
9:110  0:340  === [ ScanVolumes ] =======================================
9:489  0:379  Found 4 volumes with blockIO
9:498  0:009  - [00]: Volume: PciRoot(0x0)\Pci(0x17,0x0)\Sata(0x0,0xFFFF,0x0)
9:520  0:022  - [01]: Volume: PciRoot(0x0)\Pci(0x17,0x0)\Sata(0x0,0xFFFF,0x0)\HD(1,GPT,95751D4A-91B3-465D-88EF-F55A5B4B6266,0x28,0x64000)
9:539  0:018          Result of bootcode detection: bootable unknown (legacy)
9:550  0:010          This is SelfVolume !!
9:559  0:008  - [02]: Volume: PciRoot(0x0)\Pci(0x17,0x0)\Sata(0x0,0xFFFF,0x0)\HD(2,GPT,3F810624-97FC-43DF-9984-0E722FD9D150,0x64028,0xE8C6E940)
9:578  0:019  - [03]: Volume: PciRoot(0x0)\Pci(0x17,0x0)\Sata(0x0,0xFFFF,0x0)\HD(3,GPT,48799CF8-CD2A-4CEC-A683-D94D6469EE8B,0xE8CD2968,0x135F20)
9:600  0:022  found 3 handles with audio
9:610  0:009  No AudioIoDevice stored
9:620  0:009  no stored audio parameters
9:629  0:009  Found Audio Device Nvidia (Unknown) (HDMI) at index 0
9:638  0:008  Found Audio Device Nvidia (Unknown) (HDMI) at index 1
9:647  0:009  Found Audio Device Realtek ALC236 (Speaker) at index 2
9:656  0:009  Found Audio Device Realtek ALC236 (Headphones) at index 3
9:666  0:009  Found Audio Device Intel Kaby Lake HDMI (HDMI) at index 4
9:678  0:012  === [ InitTheme ] =========================================
10:079  0:400  use daylight theme
10:090  0:011  Using theme 'tonymacx86' (EFI\CLOVER\themes\tonymacx86)
10:100  0:009  file sound read: sound.wav Not Found
10:110  0:009  Loading font from ThemeDir: Error
10:120  0:010  theme inited
10:130  0:009  Chosen theme tonymacx86
10:139  0:009  found boot-args in NVRAM:, size=1
10:149  0:009  after NVRAM boot-args=dart=0
10:158  0:009  Scanning legacy ...
10:168  0:009  === [ Dump SMC keys from NVRAM ] ==========================
10:434  0:266  found AppleSMC protocol
10:497  0:063  Registered 17 SMC keys
10:519  0:021  === [ ScanLoader ] ========================================
10:909  0:390  - [01]: 'EFI'
11:035  0:126          AddLoaderEntry for Volume Name=EFI
11:046  0:010          skipped because entry is hidden
11:056  0:009  - [02]: 'MacBook'
11:088  0:032          AddLoaderEntry for Volume Name=MacBook
11:101  0:012      Check if volume Is Hibernated:
11:113  0:012      Check sleep image 'by signature':
11:139  0:025      using default sleep image name = \private\var\vm\sleepimage
11:153  0:014      no valid sleep image offset was found
11:163  0:009       sleepimage offset could not be acquired
11:172  0:009      hibernated: no - sign
11:259  0:086  - [03]: 'Recovery HD'
11:278  0:019          AddLoaderEntry for Volume Name=Recovery HD
11:365  0:086  === [ AddCustomTool ] =====================================
11:728  0:363  found tool \EFI\CLOVER\tools\Shell64U.efi
11:740  0:011  Checking EFI partition Volume 1 for Clover
11:751  0:011   Found Clover
11:769  0:017  === [ GetEfiBootDeviceFromNvram ] =========================
12:022  0:252   - efi-boot-device-data: PciRoot(0x0)\Pci(0x17,0x0)\Sata(0x0,0xFFFF,0x0)\HD(2,GPT,3F810624-97FC-43DF-9984-0E722FD9D150,0x64028,0xE8C6E940)
12:031  0:009    - Volume: 'PciRoot(0x0)\Pci(0x17,0x0)\Sata(0x0,0xFFFF,0x0)\HD(2,GPT,3F810624-97FC-43DF-9984-0E722FD9D150,0x64028,0xE8C6E940)'
12:041  0:009    - LoaderPath: '<null string>'
12:054  0:013    - Guid = 3F810624-97FC-43DF-9984-0E722FD9D150
12:063  0:008  === [ FindStartupDiskVolume ] =============================
12:350  0:287    - Volume: partition = PciRoot(0x0)\Pci(0x17,0x0)\Sata(0x0,0xFFFF,0x0)\HD(2,GPT,3F810624-97FC-43DF-9984-0E722FD9D150,0x64028,0xE8C6E940)
12:360  0:009     - searching for that partition
12:369  0:009      - found entry 0. 'Boot macOS from MacBook', Volume 'MacBook'
12:378  0:008  Boot redirected to Entry 0. 'Boot macOS from MacBook'
12:390  0:012  DefaultIndex=0 and MainMenu.EntryCount=8
12:474  0:084  GUI ready
16:185  3:711  exit from MainMenu 1
36:065  19:880  ReinitSelfLib after theme change
36:075  0:009  reinit: self device path=PciRoot(0x0)\Pci(0x17,0x0)\Sata(0x0,0xFFFF,0x0)\HD(1,GPT,95751D4A-91B3-465D-88EF-F55A5B4B6266,0x28,0x64000)
36:096  0:021  === [ ScanVolumes ] =======================================
36:478  0:381  Found 4 volumes with blockIO
36:487  0:009  - [00]: Volume: PciRoot(0x0)\Pci(0x17,0x0)\Sata(0x0,0xFFFF,0x0)
36:510  0:022  - [01]: Volume: PciRoot(0x0)\Pci(0x17,0x0)\Sata(0x0,0xFFFF,0x0)\HD(1,GPT,95751D4A-91B3-465D-88EF-F55A5B4B6266,0x28,0x64000)
36:529  0:019          Result of bootcode detection: bootable unknown (legacy)
36:539  0:009          This is SelfVolume !!
36:548  0:009  - [02]: Volume: PciRoot(0x0)\Pci(0x17,0x0)\Sata(0x0,0xFFFF,0x0)\HD(2,GPT,3F810624-97FC-43DF-9984-0E722FD9D150,0x64028,0xE8C6E940)
36:568  0:019  - [03]: Volume: PciRoot(0x0)\Pci(0x17,0x0)\Sata(0x0,0xFFFF,0x0)\HD(3,GPT,48799CF8-CD2A-4CEC-A683-D94D6469EE8B,0xE8CD2968,0x135F20)
36:591  0:022  found 3 handles with audio
36:600  0:009  No AudioIoDevice stored
36:609  0:009  no stored audio parameters
36:618  0:009  Found Audio Device Nvidia (Unknown) (HDMI) at index 0
36:628  0:009  Found Audio Device Nvidia (Unknown) (HDMI) at index 1
36:637  0:009  Found Audio Device Realtek ALC236 (Speaker) at index 2
36:646  0:009  Found Audio Device Realtek ALC236 (Headphones) at index 3
36:655  0:009  Found Audio Device Intel Kaby Lake HDMI (HDMI) at index 4
36:668  0:012  theme inited
36:677  0:009  Chosen theme tonymacx86
36:687  0:009  found boot-args in NVRAM:, size=1
36:695  0:008  after NVRAM boot-args=dart=0
36:705  0:009  Scanning legacy ...
36:714  0:009  === [ ScanLoader ] ========================================
37:109  0:395  - [01]: 'EFI'
37:229  0:119          AddLoaderEntry for Volume Name=EFI
37:238  0:009          skipped because entry is hidden
37:247  0:009  - [02]: 'MacBook'
37:272  0:025          AddLoaderEntry for Volume Name=MacBook
37:288  0:015      Check if volume Is Hibernated:
37:297  0:008      Check sleep image 'by signature':
37:322  0:025      using default sleep image name = \private\var\vm\sleepimage
37:337  0:014      no valid sleep image offset was found
37:346  0:009       sleepimage offset could not be acquired
37:355  0:009      hibernated: no - sign
37:437  0:082  - [03]: 'Recovery HD'
37:456  0:018          AddLoaderEntry for Volume Name=Recovery HD
37:539  0:082  === [ AddCustomTool ] =====================================
37:906  0:367  found tool \EFI\CLOVER\tools\Shell64U.efi
37:916  0:009  Checking EFI partition Volume 1 for Clover
37:928  0:012   Found Clover
37:937  0:009  === [ GetEfiBootDeviceFromNvram ] =========================
38:189  0:251  === [ FindStartupDiskVolume ] =============================
38:478  0:289    - Volume: partition = PciRoot(0x0)\Pci(0x17,0x0)\Sata(0x0,0xFFFF,0x0)\HD(2,GPT,3F810624-97FC-43DF-9984-0E722FD9D150,0x64028,0xE8C6E940)
38:487  0:009     - searching for that partition
38:499  0:012      - found entry 0. 'Boot macOS from MacBook', Volume 'MacBook'
38:508  0:009  Boot redirected to Entry 0. 'Boot macOS from MacBook'
38:518  0:009  DefaultIndex=0 and MainMenu.EntryCount=8
39:571  1:053  exit from MainMenu 1
39:583  0:011  Boot option Boot0000 not found
39:592  0:009  === [ StartLoader ] =======================================
39:976  0:384  Finally: ExternalClock=25MHz BusSpeed=99707kHz CPUFreq=2592MHz PIS: hw.busfrequency=100000000Hz
39:998  0:021  Loading boot.efi  status=Success
40:111  0:113  GetOSVersion: 10.14.5 (18F132)
40:130  0:019  CSR_CFG: CSR_ALLOW_UNTRUSTED_KEXTS | CSR_ALLOW_UNRESTRICTED_FS
40:140  0:009  Will not patch boot.efi
40:149  0:009  === [ PatchSmbios ] =======================================
40:531  0:381  insert table 9 for dev 0:0
40:541  0:009  insert table 9 for dev 0:1
40:550  0:009  insert table 9 for dev 0:0
40:559  0:009  insert table 9 for dev 0:0
40:568  0:009  Table 11 present, but rewritten for us
40:581  0:013  Channels: 1
40:591  0:009  Interleave: 0 1 2 3 4 5 6 7 8 9 10 11 12 13 14 15 16 17 18 19 20 21 22 23
40:837  0:246  SMBIOS Type 17 Index = 0 => 0 0:
40:847  0:009  BANK 0 DIMM0 2667MHz 16384MB(Ext:0MB)
40:857  0:009  SMBIOS Type 17 Index = 1 => 1 1:
40:866  0:009  BANK 0 DIMM1 2667MHz 8192MB(Ext:0MB)
40:875  0:008  mTotalSystemMemory = 24576
40:884  0:009  NumberOfMemoryDevices = 2
40:893  0:009  Type20[0]->End = 0xFFFFFF, Type17[0] = 0x4000
40:902  0:009  Type20[1]->End = 0x17FFFFF, Type17[1] = 0xA000
40:914  0:011  Table 131 is present, CPUType=31
40:924  0:009  Change to: 1005
40:933  0:009  === [ PatchACPI ] =========================================
41:333  0:399  Xsdt reallocation done
41:342  0:009  old FADT length=114
41:352  0:009   SignatureFixup: 0x83CCFB36 -> 0x0
41:362  0:010  Apply DsdtFixMask=0x00000000
41:371  0:008     drop _DSM mask=0xFFFF
41:380  0:009  === [ FixBiosDsdt ] =======================================
41:765  0:384    0 replacements
41:777  0:012  PreCleanup XSDT: count=27, length=252
41:787  0:009  PreCleanup XSDT, corrected XSDT: count=27, length=252
41:796  0:009  === [ ACPIDropTables ] ====================================
42:150  0:354    0 replacements
42:160  0:009  Found OperationRegion(PNVS, SystemMemory, 666B7000, ...)
42:169  0:009    0 replacements
42:179  0:009  Found OperationRegion(SANV, SystemMemory, 782A1C98, ...)
42:188  0:009    0 replacements
42:197  0:009    0 replacements
42:206  0:008    0 replacements
42:219  0:012    0 replacements
42:228  0:009    0 replacements
42:237  0:009    0 replacements
42:247  0:009    0 replacements
42:256  0:009    0 replacements
42:265  0:009  Found OperationRegion(ADHD, SystemMemory, 77415000, ...)
42:274  0:009  Found OperationRegion(ABLK, SystemMemory, 77415020, ...)
42:284  0:009    0 replacements
42:293  0:009    0 replacements
42:302  0:009  ApicCPUNum=1
42:311  0:009  Cleanup XSDT: count=27, length=252
42:320  0:009  corrected XSDT count=27, length=252
42:332  0:011  === [ RestSetup macOS ] ===================================
42:677  0:344  NVidia GFX injection not set
42:686  0:009  Intel UHD Graphics 630 [8086:3E9B] :: PciRoot(0x0)\Pci(0x2,0x0)
42:696  0:009  Intel GFX revision  = 0x0
42:706  0:009   RCBA disabled; cannot use it
42:716  0:009   setting specified layout-id=1 (0x1)
42:725  0:008  stringlength = 2654
42:734  0:009  CurrentMode: Width=1920 Height=1080
42:744  0:009  Beginning FSInjection
42:763  0:018  Remap smbios table type 1 guid.
42:797  0:033  Preparing kexts injection for arch=x86_64 from EFI\CLOVER\kexts\Other
42:807  0:010  Preparing kexts injection for arch=x86_64 from EFI\CLOVER\kexts\Off
42:817  0:009  Preparing kexts injection for arch=x86_64 from EFI\CLOVER\kexts\10
42:826  0:008  Preparing kexts injection for arch=x86_64 from EFI\CLOVER\kexts\10_normal
42:835  0:009  Preparing kexts injection for arch=x86_64 from EFI\CLOVER\kexts\10.14
42:844  0:009  Preparing kexts injection for arch=x86_64 from EFI\CLOVER\kexts\10.14_normal
42:856  0:012  Preparing kexts injection for arch=x86_64 from EFI\CLOVER\kexts\10.14.5
42:866  0:009  Preparing kexts injection for arch=x86_64 from EFI\CLOVER\kexts\10.14.5_normal
42:875  0:009  SetStartupDiskVolume:
42:884  0:009    * Volume: 'MacBook'
42:894  0:009    * LoaderPath: '<null string>'
42:904  0:009    * DevPath: MacBook
42:913  0:009    * GUID = 3F810624-97FC-43DF-9984-0E722FD9D150
42:923  0:009    * efi-boot-device: <array><dict><key>IOMatch</key><dict><key>IOProviderClass</key><string>IOMedia</string><key>IOPropertyMatch</key><dict><key>UUID</key><string>3F810624-97FC-43DF-9984-0E722FD9D150</string></dict></dict></dict></array>
42:935  0:012  SetScreenResolution: 1920x1080 - already set
42:953  0:018  Custom boot is disabled
42:965  0:011  Closing log
